[0m23:42:21.912588 [debug] [MainThread]: Sending event: {'category': 'dbt', 'action': 'invocation', 'label': 'start', 'context': [<snowplow_tracker.self_describing_json.SelfDescribingJson object at 0x00000237103D6DC0>, <snowplow_tracker.self_describing_json.SelfDescribingJson object at 0x0000023712F090A0>, <snowplow_tracker.self_describing_json.SelfDescribingJson object at 0x0000023712F09AF0>]}


============================== 23:42:21.915623 | 0ea1fd98-f0a9-4bd2-95a7-39cd36b7ee09 ==============================
[0m23:42:21.915623 [info ] [MainThread]: Running with dbt=1.8.2
[0m23:42:21.916585 [debug] [MainThread]: running dbt with arguments {'printer_width': '80', 'indirect_selection': 'eager', 'log_cache_events': 'False', 'write_json': 'True', 'partial_parse': 'True', 'cache_selected_only': 'False', 'profiles_dir': 'C:\\Users\\elbet\\OneDrive\\Desktop\\Ten\\week-7\\github\\Building-a-data-warehouse', 'fail_fast': 'False', 'version_check': 'True', 'log_path': 'logs', 'warn_error': 'None', 'debug': 'False', 'use_colors': 'True', 'use_experimental_parser': 'False', 'no_print': 'None', 'quiet': 'False', 'warn_error_options': 'WarnErrorOptions(include=[], exclude=[])', 'invocation_command': 'dbt init', 'log_format': 'default', 'introspect': 'True', 'target_path': 'None', 'static_parser': 'True', 'send_anonymous_usage_stats': 'True'}
[0m23:43:32.239971 [debug] [MainThread]: Starter project path: C:\Users\elbet\miniconda3\envs\elbetel\lib\site-packages\dbt\include\starter_project
[0m23:43:32.281971 [info ] [MainThread]: 
Your new dbt project "building_warehouse" was created!

For more information on how to configure the profiles.yml file,
please consult the dbt documentation here:

  https://docs.getdbt.com/docs/configure-your-profile

One more thing:

Need help? Don't hesitate to reach out to us via GitHub issues or on Slack:

  https://community.getdbt.com/

Happy modeling!

[0m23:43:32.284962 [info ] [MainThread]: Setting up your profile.
[0m23:47:39.239394 [info ] [MainThread]: Profile building_warehouse written to C:\Users\elbet\OneDrive\Desktop\Ten\week-7\github\Building-a-data-warehouse\profiles.yml using target's profile_template.yml and your supplied values. Run 'dbt debug' to validate the connection.
[0m23:47:39.244396 [debug] [MainThread]: Command `dbt init` succeeded at 23:47:39.244396 after 317.35 seconds
[0m23:47:39.246399 [debug] [MainThread]: Sending event: {'category': 'dbt', 'action': 'invocation', 'label': 'end', 'context': [<snowplow_tracker.self_describing_json.SelfDescribingJson object at 0x00000237103D6DC0>, <snowplow_tracker.self_describing_json.SelfDescribingJson object at 0x000002370CA57820>, <snowplow_tracker.self_describing_json.SelfDescribingJson object at 0x0000023712F98CA0>]}
[0m23:47:39.247396 [debug] [MainThread]: Flushing usage events
[0m00:20:53.259132 [debug] [MainThread]: Sending event: {'category': 'dbt', 'action': 'invocation', 'label': 'start', 'context': [<snowplow_tracker.self_describing_json.SelfDescribingJson object at 0x000002C865895E80>, <snowplow_tracker.self_describing_json.SelfDescribingJson object at 0x000002C868438B20>, <snowplow_tracker.self_describing_json.SelfDescribingJson object at 0x000002C868438910>]}


============================== 00:20:53.262735 | c2e2d562-6dac-470e-9a52-7a1461657671 ==============================
[0m00:20:53.262735 [info ] [MainThread]: Running with dbt=1.8.2
[0m00:20:53.262735 [debug] [MainThread]: running dbt with arguments {'printer_width': '80', 'indirect_selection': 'eager', 'log_cache_events': 'False', 'write_json': 'True', 'partial_parse': 'True', 'cache_selected_only': 'False', 'warn_error': 'None', 'debug': 'False', 'fail_fast': 'False', 'log_path': 'logs', 'version_check': 'True', 'profiles_dir': 'C:\\Users\\elbet\\OneDrive\\Desktop\\Ten\\week-7\\github\\Building-a-data-warehouse', 'use_colors': 'True', 'use_experimental_parser': 'False', 'no_print': 'None', 'quiet': 'False', 'warn_error_options': 'WarnErrorOptions(include=[], exclude=[])', 'static_parser': 'True', 'log_format': 'default', 'invocation_command': 'dbt run', 'target_path': 'None', 'introspect': 'True', 'send_anonymous_usage_stats': 'True'}
[0m00:20:53.263778 [error] [MainThread]: Encountered an error:
Runtime Error
  No dbt_project.yml found at expected path C:\Users\elbet\OneDrive\Desktop\Ten\week-7\github\Building-a-data-warehouse\dbt_project.yml
  Verify that each entry within packages.yml (and their transitive dependencies) contains a file named dbt_project.yml
  
[0m00:20:53.264745 [debug] [MainThread]: Command `dbt run` failed at 00:20:53.264745 after 0.07 seconds
[0m00:20:53.264745 [debug] [MainThread]: Sending event: {'category': 'dbt', 'action': 'invocation', 'label': 'end', 'context': [<snowplow_tracker.self_describing_json.SelfDescribingJson object at 0x000002C865895E80>, <snowplow_tracker.self_describing_json.SelfDescribingJson object at 0x000002C868438A90>, <snowplow_tracker.self_describing_json.SelfDescribingJson object at 0x000002C868438B50>]}
[0m00:20:53.265796 [debug] [MainThread]: Flushing usage events
[0m00:23:51.170737 [debug] [MainThread]: Sending event: {'category': 'dbt', 'action': 'invocation', 'label': 'start', 'context': [<snowplow_tracker.self_describing_json.SelfDescribingJson object at 0x0000020600106E20>, <snowplow_tracker.self_describing_json.SelfDescribingJson object at 0x0000020602DC8BE0>, <snowplow_tracker.self_describing_json.SelfDescribingJson object at 0x0000020602DC89D0>]}


============================== 00:23:51.173793 | baedab50-9314-4a33-be4a-6d3971101781 ==============================
[0m00:23:51.173793 [info ] [MainThread]: Running with dbt=1.8.2
[0m00:23:51.174739 [debug] [MainThread]: running dbt with arguments {'printer_width': '80', 'indirect_selection': 'eager', 'write_json': 'True', 'log_cache_events': 'False', 'partial_parse': 'True', 'cache_selected_only': 'False', 'warn_error': 'None', 'fail_fast': 'False', 'debug': 'False', 'log_path': 'logs', 'version_check': 'True', 'profiles_dir': 'C:\\Users\\elbet\\OneDrive\\Desktop\\Ten\\week-7\\github\\Building-a-data-warehouse', 'use_colors': 'True', 'use_experimental_parser': 'False', 'no_print': 'None', 'quiet': 'False', 'log_format': 'default', 'introspect': 'True', 'static_parser': 'True', 'invocation_command': 'dbt run', 'target_path': 'None', 'warn_error_options': 'WarnErrorOptions(include=[], exclude=[])', 'send_anonymous_usage_stats': 'True'}
[0m00:23:51.174739 [error] [MainThread]: Encountered an error:
Runtime Error
  No dbt_project.yml found at expected path C:\Users\elbet\OneDrive\Desktop\Ten\week-7\github\Building-a-data-warehouse\dbt_project.yml
  Verify that each entry within packages.yml (and their transitive dependencies) contains a file named dbt_project.yml
  
[0m00:23:51.176774 [debug] [MainThread]: Command `dbt run` failed at 00:23:51.176774 after 0.06 seconds
[0m00:23:51.176774 [debug] [MainThread]: Sending event: {'category': 'dbt', 'action': 'invocation', 'label': 'end', 'context': [<snowplow_tracker.self_describing_json.SelfDescribingJson object at 0x0000020600106E20>, <snowplow_tracker.self_describing_json.SelfDescribingJson object at 0x0000020602DC8B50>, <snowplow_tracker.self_describing_json.SelfDescribingJson object at 0x0000020602DC8C10>]}
[0m00:23:51.176774 [debug] [MainThread]: Flushing usage events
[0m00:23:51.651154 [debug] [MainThread]: Error sending anonymous usage statistics. Disabling tracking for this execution. If you wish to permanently disable tracking, see: https://docs.getdbt.com/reference/global-configs#send-anonymous-usage-stats.
[0m00:24:42.406914 [debug] [MainThread]: Sending event: {'category': 'dbt', 'action': 'invocation', 'label': 'start', 'context': [<snowplow_tracker.self_describing_json.SelfDescribingJson object at 0x00000252BA046E20>, <snowplow_tracker.self_describing_json.SelfDescribingJson object at 0x00000252BCBEABB0>, <snowplow_tracker.self_describing_json.SelfDescribingJson object at 0x00000252BCBEAA00>]}


============================== 00:24:42.409914 | ad7e2b5b-35be-442e-990a-84a1319b7190 ==============================
[0m00:24:42.409914 [info ] [MainThread]: Running with dbt=1.8.2
[0m00:24:42.409914 [debug] [MainThread]: running dbt with arguments {'printer_width': '80', 'indirect_selection': 'eager', 'log_cache_events': 'False', 'write_json': 'True', 'partial_parse': 'True', 'cache_selected_only': 'False', 'profiles_dir': 'C:\\Users\\elbet\\OneDrive\\Desktop\\Ten\\week-7\\github\\Building-a-data-warehouse', 'fail_fast': 'False', 'version_check': 'True', 'log_path': 'C:\\Users\\elbet\\OneDrive\\Desktop\\Ten\\week-7\\github\\Building-a-data-warehouse\\logs', 'debug': 'False', 'warn_error': 'None', 'use_colors': 'True', 'use_experimental_parser': 'False', 'no_print': 'None', 'quiet': 'False', 'warn_error_options': 'WarnErrorOptions(include=[], exclude=[])', 'static_parser': 'True', 'invocation_command': 'dbt run', 'introspect': 'True', 'target_path': 'None', 'log_format': 'default', 'send_anonymous_usage_stats': 'True'}
[0m00:24:42.554890 [debug] [MainThread]: Sending event: {'category': 'dbt', 'action': 'project_id', 'label': 'ad7e2b5b-35be-442e-990a-84a1319b7190', 'context': [<snowplow_tracker.self_describing_json.SelfDescribingJson object at 0x00000252BA4120D0>]}
[0m00:24:42.590300 [debug] [MainThread]: Sending event: {'category': 'dbt', 'action': 'adapter_info', 'label': 'ad7e2b5b-35be-442e-990a-84a1319b7190', 'context': [<snowplow_tracker.self_describing_json.SelfDescribingJson object at 0x00000252BCBA7100>]}
[0m00:24:42.591300 [info ] [MainThread]: Registered adapter: postgres=1.8.2
[0m00:24:42.597304 [debug] [MainThread]: checksum: f0a141b9de567cb7f131613ba2682f40b3a1c6a157f81c6e5435862eff68f109, vars: {}, profile: , target: , version: 1.8.2
[0m00:24:42.599300 [info ] [MainThread]: Unable to do partial parsing because saved manifest not found. Starting full parse.
[0m00:24:42.600336 [debug] [MainThread]: Sending event: {'category': 'dbt', 'action': 'partial_parser', 'label': 'ad7e2b5b-35be-442e-990a-84a1319b7190', 'context': [<snowplow_tracker.self_describing_json.SelfDescribingJson object at 0x00000252B9CF3280>]}
[0m00:24:43.138606 [warn ] [MainThread]: [[33mWARNING[0m]: Configuration paths exist in your dbt_project.yml file which do not apply to any resources.
There are 1 unused configuration paths:
- models.building_warehouse.example
[0m00:24:43.142605 [debug] [MainThread]: Sending event: {'category': 'dbt', 'action': 'load_project', 'label': 'ad7e2b5b-35be-442e-990a-84a1319b7190', 'context': [<snowplow_tracker.self_describing_json.SelfDescribingJson object at 0x00000252BCF71EE0>]}
[0m00:24:43.192258 [debug] [MainThread]: Sending event: {'category': 'dbt', 'action': 'resource_counts', 'label': 'ad7e2b5b-35be-442e-990a-84a1319b7190', 'context': [<snowplow_tracker.self_describing_json.SelfDescribingJson object at 0x00000252BCFFF1C0>]}
[0m00:24:43.193268 [info ] [MainThread]: Found 423 macros
[0m00:24:43.194254 [debug] [MainThread]: Sending event: {'category': 'dbt', 'action': 'runnable_timing', 'label': 'ad7e2b5b-35be-442e-990a-84a1319b7190', 'context': [<snowplow_tracker.self_describing_json.SelfDescribingJson object at 0x00000252BCF71A30>]}
[0m00:24:43.194254 [info ] [MainThread]: 
[0m00:24:43.195255 [warn ] [MainThread]: Nothing to do. Try checking your model configs and model specification args
[0m00:24:43.196248 [debug] [MainThread]: Command end result
[0m00:24:43.214265 [debug] [MainThread]: Command `dbt run` succeeded at 00:24:43.214265 after 0.90 seconds
[0m00:24:43.215258 [debug] [MainThread]: Sending event: {'category': 'dbt', 'action': 'invocation', 'label': 'end', 'context': [<snowplow_tracker.self_describing_json.SelfDescribingJson object at 0x00000252BA046E20>, <snowplow_tracker.self_describing_json.SelfDescribingJson object at 0x00000252BC5CCA00>, <snowplow_tracker.self_describing_json.SelfDescribingJson object at 0x00000252BA522070>]}
[0m00:24:43.215258 [debug] [MainThread]: Flushing usage events
[0m00:24:44.433359 [debug] [MainThread]: Error sending anonymous usage statistics. Disabling tracking for this execution. If you wish to permanently disable tracking, see: https://docs.getdbt.com/reference/global-configs#send-anonymous-usage-stats.
[0m00:25:25.654175 [debug] [MainThread]: Sending event: {'category': 'dbt', 'action': 'invocation', 'label': 'start', 'context': [<snowplow_tracker.self_describing_json.SelfDescribingJson object at 0x000001359C176E20>, <snowplow_tracker.self_describing_json.SelfDescribingJson object at 0x000001359ED1EBB0>, <snowplow_tracker.self_describing_json.SelfDescribingJson object at 0x000001359ED1EA00>]}


============================== 00:25:25.657175 | 2a54b5e5-fedd-4928-8de6-9d2af7cbab11 ==============================
[0m00:25:25.657175 [info ] [MainThread]: Running with dbt=1.8.2
[0m00:25:25.658174 [debug] [MainThread]: running dbt with arguments {'printer_width': '80', 'indirect_selection': 'eager', 'write_json': 'True', 'log_cache_events': 'False', 'partial_parse': 'True', 'cache_selected_only': 'False', 'profiles_dir': 'C:\\Users\\elbet\\OneDrive\\Desktop\\Ten\\week-7\\github\\Building-a-data-warehouse', 'debug': 'False', 'version_check': 'True', 'log_path': 'C:\\Users\\elbet\\OneDrive\\Desktop\\Ten\\week-7\\github\\Building-a-data-warehouse\\logs', 'fail_fast': 'False', 'warn_error': 'None', 'use_colors': 'True', 'use_experimental_parser': 'False', 'no_print': 'None', 'quiet': 'False', 'log_format': 'default', 'static_parser': 'True', 'warn_error_options': 'WarnErrorOptions(include=[], exclude=[])', 'invocation_command': 'dbt run', 'target_path': 'None', 'introspect': 'True', 'send_anonymous_usage_stats': 'True'}
[0m00:25:25.785165 [debug] [MainThread]: Sending event: {'category': 'dbt', 'action': 'project_id', 'label': '2a54b5e5-fedd-4928-8de6-9d2af7cbab11', 'context': [<snowplow_tracker.self_describing_json.SelfDescribingJson object at 0x000001359C5420D0>]}
[0m00:25:25.820164 [debug] [MainThread]: Sending event: {'category': 'dbt', 'action': 'adapter_info', 'label': '2a54b5e5-fedd-4928-8de6-9d2af7cbab11', 'context': [<snowplow_tracker.self_describing_json.SelfDescribingJson object at 0x000001359ECD8100>]}
[0m00:25:25.822182 [info ] [MainThread]: Registered adapter: postgres=1.8.2
[0m00:25:25.828164 [debug] [MainThread]: checksum: f0a141b9de567cb7f131613ba2682f40b3a1c6a157f81c6e5435862eff68f109, vars: {}, profile: , target: , version: 1.8.2
[0m00:25:25.936169 [debug] [MainThread]: Partial parsing enabled: 0 files deleted, 0 files added, 0 files changed.
[0m00:25:25.936169 [debug] [MainThread]: Partial parsing enabled, no changes found, skipping parsing
[0m00:25:25.936169 [warn ] [MainThread]: [[33mWARNING[0m]: Configuration paths exist in your dbt_project.yml file which do not apply to any resources.
There are 1 unused configuration paths:
- models.building_warehouse.example
[0m00:25:25.940170 [debug] [MainThread]: Sending event: {'category': 'dbt', 'action': 'load_project', 'label': '2a54b5e5-fedd-4928-8de6-9d2af7cbab11', 'context': [<snowplow_tracker.self_describing_json.SelfDescribingJson object at 0x000001359F0D9130>]}
[0m00:25:25.990192 [debug] [MainThread]: Sending event: {'category': 'dbt', 'action': 'resource_counts', 'label': '2a54b5e5-fedd-4928-8de6-9d2af7cbab11', 'context': [<snowplow_tracker.self_describing_json.SelfDescribingJson object at 0x000001359F0DA8E0>]}
[0m00:25:25.991166 [info ] [MainThread]: Found 423 macros
[0m00:25:25.992167 [debug] [MainThread]: Sending event: {'category': 'dbt', 'action': 'runnable_timing', 'label': '2a54b5e5-fedd-4928-8de6-9d2af7cbab11', 'context': [<snowplow_tracker.self_describing_json.SelfDescribingJson object at 0x000001359F0D9910>]}
[0m00:25:25.992167 [info ] [MainThread]: 
[0m00:25:25.993181 [warn ] [MainThread]: Nothing to do. Try checking your model configs and model specification args
[0m00:25:25.995172 [debug] [MainThread]: Command end result
[0m00:25:26.010092 [debug] [MainThread]: Command `dbt run` succeeded at 00:25:26.010092 after 0.41 seconds
[0m00:25:26.011063 [debug] [MainThread]: Sending event: {'category': 'dbt', 'action': 'invocation', 'label': 'end', 'context': [<snowplow_tracker.self_describing_json.SelfDescribingJson object at 0x000001359C176E20>, <snowplow_tracker.self_describing_json.SelfDescribingJson object at 0x000001359F0BD520>, <snowplow_tracker.self_describing_json.SelfDescribingJson object at 0x000001359EE941F0>]}
[0m00:25:26.011063 [debug] [MainThread]: Flushing usage events
[0m00:25:32.409263 [debug] [MainThread]: Error sending anonymous usage statistics. Disabling tracking for this execution. If you wish to permanently disable tracking, see: https://docs.getdbt.com/reference/global-configs#send-anonymous-usage-stats.
[0m00:26:44.674415 [debug] [MainThread]: Sending event: {'category': 'dbt', 'action': 'invocation', 'label': 'start', 'context': [<snowplow_tracker.self_describing_json.SelfDescribingJson object at 0x000001F369B66DF0>, <snowplow_tracker.self_describing_json.SelfDescribingJson object at 0x000001F36C70AB80>, <snowplow_tracker.self_describing_json.SelfDescribingJson object at 0x000001F36C70A9D0>]}


============================== 00:26:44.679403 | 2accafaf-a28b-4ac4-b3cd-4c210bd4b1a1 ==============================
[0m00:26:44.679403 [info ] [MainThread]: Running with dbt=1.8.2
[0m00:26:44.690416 [debug] [MainThread]: running dbt with arguments {'printer_width': '80', 'indirect_selection': 'eager', 'write_json': 'True', 'log_cache_events': 'False', 'partial_parse': 'True', 'cache_selected_only': 'False', 'warn_error': 'None', 'debug': 'False', 'fail_fast': 'False', 'log_path': 'C:\\Users\\elbet\\OneDrive\\Desktop\\Ten\\week-7\\github\\Building-a-data-warehouse\\logs', 'version_check': 'True', 'profiles_dir': 'C:\\Users\\elbet\\OneDrive\\Desktop\\Ten\\week-7\\github\\Building-a-data-warehouse', 'use_colors': 'True', 'use_experimental_parser': 'False', 'no_print': 'None', 'quiet': 'False', 'warn_error_options': 'WarnErrorOptions(include=[], exclude=[])', 'invocation_command': 'dbt run', 'log_format': 'default', 'static_parser': 'True', 'target_path': 'None', 'introspect': 'True', 'send_anonymous_usage_stats': 'True'}
[0m00:26:44.830401 [debug] [MainThread]: Sending event: {'category': 'dbt', 'action': 'project_id', 'label': '2accafaf-a28b-4ac4-b3cd-4c210bd4b1a1', 'context': [<snowplow_tracker.self_describing_json.SelfDescribingJson object at 0x000001F36C6DD040>]}
[0m00:26:44.864399 [debug] [MainThread]: Sending event: {'category': 'dbt', 'action': 'adapter_info', 'label': '2accafaf-a28b-4ac4-b3cd-4c210bd4b1a1', 'context': [<snowplow_tracker.self_describing_json.SelfDescribingJson object at 0x000001F36C812DF0>]}
[0m00:26:44.866403 [info ] [MainThread]: Registered adapter: postgres=1.8.2
[0m00:26:44.873416 [debug] [MainThread]: checksum: f0a141b9de567cb7f131613ba2682f40b3a1c6a157f81c6e5435862eff68f109, vars: {}, profile: , target: , version: 1.8.2
[0m00:26:44.986399 [debug] [MainThread]: Partial parsing enabled: 0 files deleted, 6 files added, 0 files changed.
[0m00:26:44.987403 [debug] [MainThread]: Partial parsing: added file: building_warehouse://models\schema.yml
[0m00:26:44.987403 [debug] [MainThread]: Partial parsing: added file: building_warehouse://models\example\schema.yml
[0m00:26:44.988399 [debug] [MainThread]: Partial parsing: added file: building_warehouse://models\example\my_first_dbt_model.sql
[0m00:26:44.988399 [debug] [MainThread]: Partial parsing: added file: building_warehouse://models\example\my_second_dbt_model.sql
[0m00:26:44.988399 [debug] [MainThread]: Partial parsing: added file: building_warehouse://models\transformed_data.sql
[0m00:26:44.988399 [debug] [MainThread]: Partial parsing: added file: building_warehouse://models\raw_data.sql
[0m00:26:45.128313 [error] [MainThread]: Encountered an error:
Compilation Error in model transformed_data (models\transformed_data.sql)
  source() takes exactly two arguments (1 given)
[0m00:26:45.129316 [debug] [MainThread]: Command `dbt run` failed at 00:26:45.129316 after 0.66 seconds
[0m00:26:45.130317 [debug] [MainThread]: Sending event: {'category': 'dbt', 'action': 'invocation', 'label': 'end', 'context': [<snowplow_tracker.self_describing_json.SelfDescribingJson object at 0x000001F369B66DF0>, <snowplow_tracker.self_describing_json.SelfDescribingJson object at 0x000001F36C975FD0>, <snowplow_tracker.self_describing_json.SelfDescribingJson object at 0x000001F36CC079A0>]}
[0m00:26:45.130317 [debug] [MainThread]: Flushing usage events
